INFO 2020-07-27 13:24:57,713 autoreload 1113 4612521408 Watching for file changes with StatReloader
WARNING 2020-07-27 13:25:10,346 log 1113 123145425776640 Not Found: /app6
WARNING 2020-07-27 13:25:10,346 basehttp 1113 123145425776640 "GET /app6 HTTP/1.1" 404 4518
WARNING 2020-07-27 13:25:10,479 log 1113 123145425776640 Not Found: /favicon.ico
WARNING 2020-07-27 13:25:10,480 basehttp 1113 123145425776640 "GET /favicon.ico HTTP/1.1" 404 4539
WARNING 2020-07-27 13:25:17,666 log 1113 123145425776640 Not Found: /app6/
WARNING 2020-07-27 13:25:17,666 basehttp 1113 123145425776640 "GET /app6/ HTTP/1.1" 404 5468
INFO 2020-07-27 13:25:46,306 basehttp 1113 123145425776640 "GET /app6/file-1/ HTTP/1.1" 200 320
INFO 2020-07-27 13:26:29,205 basehttp 1113 123145425776640 "GET /app6/file-2/ HTTP/1.1" 200 320
INFO 2020-07-27 13:26:30,852 basehttp 1113 123145425776640 "GET /app6/file-2/ HTTP/1.1" 200 320
INFO 2020-07-27 13:28:10,371 basehttp 1113 123145425776640 "POST /app6/file-2/ HTTP/1.1" 200 2
INFO 2020-07-27 13:30:36,255 autoreload 1113 4612521408 /Users/ku_rong/My/Study/django_study/django_study/app6/views.py changed, reloading.
INFO 2020-07-27 13:30:36,949 autoreload 1184 4747017664 Watching for file changes with StatReloader
INFO 2020-07-27 13:32:12,573 autoreload 1184 4747017664 /Users/ku_rong/My/Study/django_study/django_study/app6/views.py changed, reloading.
INFO 2020-07-27 13:32:13,160 autoreload 1199 4525297088 Watching for file changes with StatReloader
INFO 2020-07-27 13:42:33,333 autoreload 1199 4525297088 /Users/ku_rong/My/Study/django_study/django_study/app6/views.py changed, reloading.
INFO 2020-07-27 13:42:33,957 autoreload 1301 4486077888 Watching for file changes with StatReloader
INFO 2020-07-27 13:44:52,872 autoreload 1301 4486077888 /Users/ku_rong/My/Study/django_study/django_study/app6/urls.py changed, reloading.
INFO 2020-07-27 13:44:53,438 autoreload 1364 4472389056 Watching for file changes with StatReloader
WARNING 2020-07-27 13:45:41,944 base 1364 123145342779392 Method Not Allowed (GET): /app6/file-5/
WARNING 2020-07-27 13:45:41,945 log 1364 123145342779392 Method Not Allowed: /app6/file-5/
WARNING 2020-07-27 13:45:41,945 basehttp 1364 123145342779392 "GET /app6/file-5/ HTTP/1.1" 405 0
WARNING 2020-07-27 13:45:44,266 base 1364 123145342779392 Method Not Allowed (GET): /app6/file-5/
WARNING 2020-07-27 13:45:44,266 log 1364 123145342779392 Method Not Allowed: /app6/file-5/
WARNING 2020-07-27 13:45:44,266 basehttp 1364 123145342779392 "GET /app6/file-5/ HTTP/1.1" 405 0
WARNING 2020-07-27 13:46:00,190 base 1364 123145342779392 Method Not Allowed (GET): /app6/file-5/
WARNING 2020-07-27 13:46:00,190 log 1364 123145342779392 Method Not Allowed: /app6/file-5/
WARNING 2020-07-27 13:46:00,190 basehttp 1364 123145342779392 "GET /app6/file-5/ HTTP/1.1" 405 0
WARNING 2020-07-27 13:46:04,179 base 1364 123145342779392 Method Not Allowed (GET): /app6/file-5/
WARNING 2020-07-27 13:46:04,180 log 1364 123145342779392 Method Not Allowed: /app6/file-5/
WARNING 2020-07-27 13:46:04,180 basehttp 1364 123145342779392 "GET /app6/file-5/ HTTP/1.1" 405 0
INFO 2020-07-27 13:46:07,395 basehttp 1364 123145342779392 "GET /app6/file-2/ HTTP/1.1" 200 320
WARNING 2020-07-27 13:46:07,433 log 1364 123145342779392 Not Found: /favicon.ico
WARNING 2020-07-27 13:46:07,433 basehttp 1364 123145342779392 "GET /favicon.ico HTTP/1.1" 404 4539
INFO 2020-07-27 13:46:12,835 basehttp 1364 123145342779392 "GET /app6/file-1/ HTTP/1.1" 200 320
WARNING 2020-07-27 13:46:16,523 base 1364 123145342779392 Method Not Allowed (GET): /app6/file-5/
WARNING 2020-07-27 13:46:16,523 log 1364 123145342779392 Method Not Allowed: /app6/file-5/
WARNING 2020-07-27 13:46:16,523 basehttp 1364 123145342779392 "GET /app6/file-5/ HTTP/1.1" 405 0
WARNING 2020-07-27 13:46:18,245 base 1364 123145342779392 Method Not Allowed (GET): /app6/file-5/
WARNING 2020-07-27 13:46:18,246 log 1364 123145342779392 Method Not Allowed: /app6/file-5/
WARNING 2020-07-27 13:46:18,246 basehttp 1364 123145342779392 "GET /app6/file-5/ HTTP/1.1" 405 0
INFO 2020-07-27 13:46:38,946 autoreload 1364 4472389056 /Users/ku_rong/My/Study/django_study/django_study/app6/views.py changed, reloading.
INFO 2020-07-27 13:46:39,680 autoreload 1385 4656774592 Watching for file changes with StatReloader
INFO 2020-07-27 13:46:41,033 basehttp 1385 123145433026560 "GET /app6/file-5/ HTTP/1.1" 200 13
INFO 2020-07-27 13:47:57,968 autoreload 1385 4656774592 /Users/ku_rong/My/Study/django_study/django_study/app6/views.py changed, reloading.
INFO 2020-07-27 13:47:58,363 autoreload 1399 4552965568 Watching for file changes with StatReloader
INFO 2020-07-27 13:48:00,951 basehttp 1399 123145514176512 "GET /app6/file-5/ HTTP/1.1" 200 13
INFO 2020-07-27 13:49:12,436 autoreload 1399 4552965568 /Users/ku_rong/My/Study/django_study/django_study/app6/views.py changed, reloading.
INFO 2020-07-27 13:49:12,821 autoreload 1420 4825324992 Watching for file changes with StatReloader
INFO 2020-07-27 13:49:16,523 autoreload 1420 4825324992 /Users/ku_rong/My/Study/django_study/django_study/app6/views.py changed, reloading.
INFO 2020-07-27 13:49:16,896 autoreload 1424 4764491200 Watching for file changes with StatReloader
ERROR 2020-07-27 13:49:21,949 basehttp 1424 123145446137856 "GET /app6/file-5/ HTTP/1.1" 500 59
INFO 2020-07-27 13:51:02,497 autoreload 1424 4764491200 /Users/ku_rong/My/Study/django_study/django_study/app6/views.py changed, reloading.
INFO 2020-07-27 13:51:03,123 autoreload 1445 4681452992 Watching for file changes with StatReloader
INFO 2020-07-27 13:51:07,476 basehttp 1445 123145521729536 "GET /app6/file-5/ HTTP/1.1" 200 301
INFO 2020-07-27 13:52:28,092 autoreload 1445 4681452992 /Users/ku_rong/My/Study/django_study/django_study/app6/views.py changed, reloading.
INFO 2020-07-27 13:52:28,708 autoreload 1468 4401966528 Watching for file changes with StatReloader
INFO 2020-07-27 13:52:31,733 basehttp 1468 123145318252544 "GET /app6/file-5/ HTTP/1.1" 200 301
INFO 2020-07-27 13:53:36,441 autoreload 1468 4401966528 /Users/ku_rong/My/Study/django_study/django_study/app6/views.py changed, reloading.
INFO 2020-07-27 13:53:36,987 autoreload 1487 4495195584 Watching for file changes with StatReloader
INFO 2020-07-27 13:53:43,254 basehttp 1487 123145543553024 "GET /app6/file-5/ HTTP/1.1" 200 301
INFO 2020-07-27 13:54:02,576 autoreload 1487 4495195584 /Users/ku_rong/My/Study/django_study/django_study/app6/views.py changed, reloading.
INFO 2020-07-27 13:54:03,116 autoreload 1496 4805635520 Watching for file changes with StatReloader
INFO 2020-07-27 13:54:07,616 basehttp 1496 123145574993920 "GET /app6/file-5/ HTTP/1.1" 200 301
INFO 2020-07-27 13:56:26,262 autoreload 1496 4805635520 /Users/ku_rong/My/Study/django_study/django_study/app6/views.py changed, reloading.
INFO 2020-07-27 13:56:26,910 autoreload 1515 4479348160 Watching for file changes with StatReloader
INFO 2020-07-27 13:58:41,548 autoreload 1547 4499037632 Watching for file changes with StatReloader
ERROR 2020-07-27 13:58:46,362 basehttp 1547 123145395224576 "GET /app6/file-5/ HTTP/1.1" 500 59
INFO 2020-07-27 14:00:05,445 autoreload 1547 4499037632 /Users/ku_rong/My/Study/django_study/django_study/app6/views.py changed, reloading.
INFO 2020-07-27 14:00:05,839 autoreload 1560 4330171840 Watching for file changes with StatReloader
ERROR 2020-07-27 14:00:12,832 basehttp 1560 123145399189504 "GET /app6/file-5/ HTTP/1.1" 500 59
INFO 2020-07-27 14:01:46,250 autoreload 1560 4330171840 /Users/ku_rong/My/Study/django_study/django_study/app6/views.py changed, reloading.
INFO 2020-07-27 14:01:46,914 autoreload 1580 4487425472 Watching for file changes with StatReloader
INFO 2020-07-27 14:01:51,761 autoreload 1580 4487425472 /Users/ku_rong/My/Study/django_study/django_study/app6/views.py changed, reloading.
INFO 2020-07-27 14:01:52,166 autoreload 1583 4646227392 Watching for file changes with StatReloader
INFO 2020-07-27 14:01:55,537 basehttp 1583 123145484111872 "GET /app6/file-5/ HTTP/1.1" 200 301
INFO 2020-07-27 14:02:25,449 basehttp 1583 123145484111872 "GET /app6/file-5/ HTTP/1.1" 200 301
INFO 2020-07-27 14:03:51,796 autoreload 1583 4646227392 /Users/ku_rong/My/Study/django_study/django_study/app6/views.py changed, reloading.
INFO 2020-07-27 14:03:52,211 autoreload 1603 4550004160 Watching for file changes with StatReloader
INFO 2020-07-27 14:05:30,888 autoreload 1603 4550004160 /Users/ku_rong/My/Study/django_study/django_study/app6/views.py changed, reloading.
INFO 2020-07-27 14:05:31,294 autoreload 1621 4431457728 Watching for file changes with StatReloader
INFO 2020-07-27 14:05:33,904 autoreload 1621 4431457728 /Users/ku_rong/My/Study/django_study/django_study/app6/views.py changed, reloading.
INFO 2020-07-27 14:05:34,343 autoreload 1625 4462538176 Watching for file changes with StatReloader
INFO 2020-07-27 14:05:37,075 basehttp 1625 123145473814528 "GET /app6/file-5/ HTTP/1.1" 200 301
INFO 2020-07-27 14:06:16,086 autoreload 1625 4462538176 /Users/ku_rong/My/Study/django_study/django_study/app6/views.py changed, reloading.
INFO 2020-07-27 14:06:16,775 autoreload 1636 4472769984 Watching for file changes with StatReloader
INFO 2020-07-27 14:06:20,416 basehttp 1636 123145357811712 "GET /app6/file-5/ HTTP/1.1" 200 301
INFO 2020-07-27 14:09:34,008 autoreload 1636 4472769984 /Users/ku_rong/My/Study/django_study/django_study/app6/views.py changed, reloading.
INFO 2020-07-27 14:09:34,683 autoreload 1666 4481908160 Watching for file changes with StatReloader
INFO 2020-07-27 14:09:42,168 basehttp 1666 123145505718272 "GET /app6/file-5/ HTTP/1.1" 200 301
INFO 2020-07-27 14:09:51,531 autoreload 1666 4481908160 /Users/ku_rong/My/Study/django_study/django_study/app6/views.py changed, reloading.
INFO 2020-07-27 14:09:52,158 autoreload 1670 4499000768 Watching for file changes with StatReloader
INFO 2020-07-27 14:09:55,168 basehttp 1670 123145398378496 "GET /app6/file-5/ HTTP/1.1" 200 301
INFO 2020-07-27 14:10:30,262 basehttp 1670 123145403633664 "GET /app6/file-2/ HTTP/1.1" 200 320
INFO 2020-07-27 14:10:57,861 basehttp 1670 123145403633664 "POST /app6/file-2/ HTTP/1.1" 200 2
INFO 2020-07-27 14:11:14,048 autoreload 1670 4499000768 /Users/ku_rong/My/Study/django_study/django_study/app6/views.py changed, reloading.
INFO 2020-07-27 14:11:14,728 autoreload 1695 4524117440 Watching for file changes with StatReloader
INFO 2020-07-27 14:11:24,978 autoreload 1702 4482547136 Watching for file changes with StatReloader
ERROR 2020-07-27 14:11:30,125 basehttp 1702 123145335918592 "GET /app6/file-5/ HTTP/1.1" 500 59
ERROR 2020-07-27 14:11:33,298 basehttp 1702 123145335918592 "GET /app6/file-5/ HTTP/1.1" 500 59
